# JRE version: OpenJDK Runtime Environment (8.0_212-b04) (build 1.8.0_212-release-1586-b04)
# Java VM: OpenJDK 64-Bit Server VM (25.212-b04 mixed mode windows-amd64 compressed oops)
Heap:
 PSYoungGen      total 140800K, used 102362K [0x00000000e0000000, 0x00000000e9400000, 0x0000000100000000)
  eden space 130048K, 78% used [0x00000000e0000000,0x00000000e63f6bf0,0x00000000e7f00000)
  from space 10752K, 0% used [0x00000000e7f00000,0x00000000e7f00000,0x00000000e8980000)
  to   space 10752K, 0% used [0x00000000e8980000,0x00000000e8980000,0x00000000e9400000)
 ParOldGen       total 107520K, used 12584K [0x00000000a0000000, 0x00000000a6900000, 0x00000000e0000000)
  object space 107520K, 11% used [0x00000000a0000000,0x00000000a0c4a360,0x00000000a6900000)
 Metaspace       used 30301K, capacity 30996K, committed 31104K, reserved 1075200K
  class space    used 4170K, capacity 4389K, committed 4480K, reserved 1048576K
GC Heap History (8 events):
Event: 1.578 GC heap before
{Heap before GC invocations=1 (full 0):
 PSYoungGen      total 75776K, used 65024K [0x00000000e0000000, 0x00000000e5480000, 0x0000000100000000)
  eden space 65024K, 100% used [0x00000000e0000000,0x00000000e3f80000,0x00000000e3f80000)
  from space 10752K, 0% used [0x00000000e4a00000,0x00000000e4a00000,0x00000000e5480000)
  to   space 10752K, 0% used [0x00000000e3f80000,0x00000000e3f80000,0x00000000e4a00000)
 ParOldGen       total 173568K, used 0K [0x00000000a0000000, 0x00000000aa980000, 0x00000000e0000000)
  object space 173568K, 0% used [0x00000000a0000000,0x00000000a0000000,0x00000000aa980000)
 Metaspace       used 7272K, capacity 7600K, committed 7680K, reserved 1056768K
  class space    used 890K, capacity 984K, committed 1024K, reserved 1048576K
Event: 1.614 GC heap after
Heap after GC invocations=1 (full 0):
 PSYoungGen      total 75776K, used 5709K [0x00000000e0000000, 0x00000000e9400000, 0x0000000100000000)
  eden space 65024K, 0% used [0x00000000e0000000,0x00000000e0000000,0x00000000e3f80000)
  from space 10752K, 53% used [0x00000000e3f80000,0x00000000e4513410,0x00000000e4a00000)
  to   space 10752K, 0% used [0x00000000e8980000,0x00000000e8980000,0x00000000e9400000)
 ParOldGen       total 173568K, used 16K [0x00000000a0000000, 0x00000000aa980000, 0x00000000e0000000)
  object space 173568K, 0% used [0x00000000a0000000,0x00000000a0004000,0x00000000aa980000)
 Metaspace       used 7272K, capacity 7600K, committed 7680K, reserved 1056768K
  class space    used 890K, capacity 984K, committed 1024K, reserved 1048576K
}
Event: 5.107 GC heap before
{Heap before GC invocations=2 (full 0):
 PSYoungGen      total 75776K, used 70733K [0x00000000e0000000, 0x00000000e9400000, 0x0000000100000000)
  eden space 65024K, 100% used [0x00000000e0000000,0x00000000e3f80000,0x00000000e3f80000)
  from space 10752K, 53% used [0x00000000e3f80000,0x00000000e4513410,0x00000000e4a00000)
  to   space 10752K, 0% used [0x00000000e8980000,0x00000000e8980000,0x00000000e9400000)
 ParOldGen       total 173568K, used 16K [0x00000000a0000000, 0x00000000aa980000, 0x00000000e0000000)
  object space 173568K, 0% used [0x00000000a0000000,0x00000000a0004000,0x00000000aa980000)
 Metaspace       used 14493K, capacity 14986K, committed 15232K, reserved 1062912K
  class space    used 2011K, capacity 2163K, committed 2176K, reserved 1048576K
Event: 5.158 GC heap after
Heap after GC invocations=2 (full 0):
 PSYoungGen      total 140800K, used 9631K [0x00000000e0000000, 0x00000000e9400000, 0x0000000100000000)
  eden space 130048K, 0% used [0x00000000e0000000,0x00000000e0000000,0x00000000e7f00000)
  from space 10752K, 89% used [0x00000000e8980000,0x00000000e92e7f08,0x00000000e9400000)
  to   space 10752K, 0% used [0x00000000e7f00000,0x00000000e7f00000,0x00000000e8980000)
 ParOldGen       total 173568K, used 24K [0x00000000a0000000, 0x00000000aa980000, 0x00000000e0000000)
  object space 173568K, 0% used [0x00000000a0000000,0x00000000a0006000,0x00000000aa980000)
 Metaspace       used 14493K, capacity 14986K, committed 15232K, reserved 1062912K
  class space    used 2011K, capacity 2163K, committed 2176K, reserved 1048576K
}
Event: 12.940 GC heap before
{Heap before GC invocations=3 (full 0):
 PSYoungGen      total 140800K, used 81640K [0x00000000e0000000, 0x00000000e9400000, 0x0000000100000000)
  eden space 130048K, 55% used [0x00000000e0000000,0x00000000e46523b0,0x00000000e7f00000)
  from space 10752K, 89% used [0x00000000e8980000,0x00000000e92e7f08,0x00000000e9400000)
  to   space 10752K, 0% used [0x00000000e7f00000,0x00000000e7f00000,0x00000000e8980000)
 ParOldGen       total 173568K, used 24K [0x00000000a0000000, 0x00000000aa980000, 0x00000000e0000000)
  object space 173568K, 0% used [0x00000000a0000000,0x00000000a0006000,0x00000000aa980000)
 Metaspace       used 20639K, capacity 21208K, committed 21296K, reserved 1067008K
  class space    used 2979K, capacity 3139K, committed 3200K, reserved 1048576K
Event: 12.951 GC heap after
Heap after GC invocations=3 (full 0):
 PSYoungGen      total 140800K, used 10727K [0x00000000e0000000, 0x00000000e9400000, 0x0000000100000000)
  eden space 130048K, 0% used [0x00000000e0000000,0x00000000e0000000,0x00000000e7f00000)
  from space 10752K, 99% used [0x00000000e7f00000,0x00000000e8979fd0,0x00000000e8980000)
  to   space 10752K, 0% used [0x00000000e8980000,0x00000000e8980000,0x00000000e9400000)
 ParOldGen       total 173568K, used 2329K [0x00000000a0000000, 0x00000000aa980000, 0x00000000e0000000)
  object space 173568K, 1% used [0x00000000a0000000,0x00000000a0246458,0x00000000aa980000)
 Metaspace       used 20639K, capacity 21208K, committed 21296K, reserved 1067008K
  class space    used 2979K, capacity 3139K, committed 3200K, reserved 1048576K
}
Event: 12.951 GC heap before
{Heap before GC invocations=4 (full 1):
 PSYoungGen      total 140800K, used 10727K [0x00000000e0000000, 0x00000000e9400000, 0x0000000100000000)
  eden space 130048K, 0% used [0x00000000e0000000,0x00000000e0000000,0x00000000e7f00000)
  from space 10752K, 99% used [0x00000000e7f00000,0x00000000e8979fd0,0x00000000e8980000)
  to   space 10752K, 0% used [0x00000000e8980000,0x00000000e8980000,0x00000000e9400000)
 ParOldGen       total 173568K, used 2329K [0x00000000a0000000, 0x00000000aa980000, 0x00000000e0000000)
  object space 173568K, 1% used [0x00000000a0000000,0x00000000a0246458,0x00000000aa980000)
 Metaspace       used 20639K, capacity 21208K, committed 21296K, reserved 1067008K
  class space    used 2979K, capacity 3139K, committed 3200K, reserved 1048576K
Event: 13.071 GC heap after
Heap after GC invocations=4 (full 1):
 PSYoungGen      total 140800K, used 0K [0x00000000e0000000, 0x00000000e9400000, 0x0000000100000000)
  eden space 130048K, 0% used [0x00000000e0000000,0x00000000e0000000,0x00000000e7f00000)
  from space 10752K, 0% used [0x00000000e7f00000,0x00000000e7f00000,0x00000000e8980000)
  to   space 10752K, 0% used [0x00000000e8980000,0x00000000e8980000,0x00000000e9400000)
 ParOldGen       total 107520K, used 12584K [0x00000000a0000000, 0x00000000a6900000, 0x00000000e0000000)
  object space 107520K, 11% used [0x00000000a0000000,0x00000000a0c4a360,0x00000000a6900000)
 Metaspace       used 20639K, capacity 21208K, committed 21296K, reserved 1067008K
  class space    used 2979K, capacity 3139K, committed 3200K, reserved 1048576K
}

